This is pdfTeX, Version 3.14159265-2.6-1.40.16 (TeX Live 2015) (preloaded format=pdflatex 2015.5.24)  18 FEB 2019 12:18
entering extended mode
 \write18 enabled.
 file:line:error style messages enabled.
 %&-line parsing enabled.
**Reviews.tex
(./Reviews.tex
LaTeX2e <2015/01/01>
Babel <3.9l> and hyphenation patterns for 79 languages loaded.
(/usr/local/texlive/2015/texmf-dist/tex/latex/lineno/lineno.sty
Package: lineno 2005/11/02 line numbers on paragraphs v4.41
\linenopenalty=\count79
\output=\toks14
\linenoprevgraf=\count80
\linenumbersep=\dimen102
\linenumberwidth=\dimen103
\c@linenumber=\count81
\c@pagewiselinenumber=\count82
\c@LN@truepage=\count83
\c@internallinenumber=\count84
\c@internallinenumbers=\count85
\quotelinenumbersep=\dimen104
\bframerule=\dimen105
\bframesep=\dimen106
\bframebox=\box26
LaTeX Info: Redefining \\ on input line 3056.
)
(/usr/local/texlive/2015/texmf-dist/tex/latex/revtex/revtex4-1.cls
Document Class: revtex4-1 2010/07/25/20:33:00 4.1r (http://publish.aps.org/revt
ex4/ for documentation)
 Copyright (c) 2009 The American Physical Society.
 mailto:revtex@aps.org
 Licensed under the LPPL:
http://www.ctan.org/tex-archive/macros/latex/base/lppl.txt
 Arthur Ogawa <arthur_ogawa at sbcglobal dot net>
 Based on work by David Carlisle <david at dcarlisle.demon.co.uk>.
ltxutil[2010/07/25/20:33:00 4.1r utilities package (portions licensed from W. E
. Baxter web at superscript.com)]
LaTeX Info: Redefining \@centercr on input line 308.
Class revtex4-1 Info: Repairing hyperref-unfriendly LaTeX definition of \mpfoot
note on input line 433.
Class revtex4-1 Info: Repairing broken LateX \@sect on input line 755.
\intertabularlinepenalty=\count86
\@tbpen=\count87
\@arstrutbox@hline=\box27
Class revtex4-1 Info: Repairing broken LaTeX \@xbitor on input line 1786.
Class revtex4-1 Info: Making \typeout \long on input line 2046.
ltxfront[2010/07/25/20:33:00 4.1r frontmatter package (AO,DPC)]
\c@affil=\count88
\c@collab=\count89
\absbox=\box28
ltxgrid[2010/07/25/20:33:00 4.1r page grid package (portions licensed from W. E
. Baxter web at superscript.com)]
\c@linecount=\count90
\output@latex=\toks15
\box@size@1=\box29
\box@size@2=\box30
\@protection@box=\box31
\@topmark@saved=\toks16
\footins@saved=\box32
\footins@recovered=\box33
\column@recovered=\box34
\pagesofar=\box35
\footsofar=\box36
\pagegrid@col=\count91

Class revtex4-1 Warning: Failed to recognize \@vspace, \@vspacer, \@no@pgbk, \@
newline, and \\; no patches applied. Please get a more up-to-date class, .

\c@part=\count92
\c@section=\count93
\c@subsection=\count94
\c@subsubsection=\count95
\c@paragraph=\count96
\c@subparagraph=\count97
\abovecaptionskip=\skip41
\belowcaptionskip=\skip42
\c@figure=\count98
\fbox@1=\box37
\c@table=\count99
\fbox@2=\box38
\c@video=\count100
\fbox@4=\box39
\@bibdataout=\write3
\widetext@top=\box40
\widetext@bot=\box41
Class revtex4-1 Info: Selecting society aps on input line 7542.
(/usr/local/texlive/2015/texmf-dist/tex/latex/revtex/aps4-1.rtx
File: aps4-1 2010/07/25/20:33:00 4.1r (http://publish.aps.org/revtex4/ for docu
mentation)
Class revtex4-1 Info: RevTeX society APS selected on input line 31.
)
Class revtex4-1 Info: Selecting journal prd on input line 7544.
Class revtex4-1 Info: APS journal PRD selected on input line 7545.

(/usr/local/texlive/2015/texmf-dist/tex/latex/revtex/aps12pt4-1.rtx
File: aps12pt4-1 2010/07/25/20:33:00 4.1r (http://publish.aps.org/revtex4/ for 
documentation)
Class revtex4-1 Info: RevTeX pointsize 12pt selected on input line 30.
)
(/usr/local/texlive/2015/texmf-dist/tex/latex/textcase/textcase.sty
Package: textcase 2004/10/07 v0.07 Text only upper/lower case changing (DPC)
)
(/usr/local/texlive/2015/texmf-dist/tex/latex/url/url.sty
\Urlmuskip=\muskip10
Package: url 2013/09/16  ver 3.4  Verb mode for urls, etc.
)
(/usr/local/texlive/2015/texmf-dist/tex/latex/natbib/natbib.sty
Package: natbib 2010/09/13 8.31b (PWD, AO)
\bibhang=\skip43
\bibsep=\skip44
LaTeX Info: Redefining \cite on input line 694.
\c@NAT@ctr=\count101
)
Class revtex4-1 Info: Repairing natbib's \BibitemShut on input line 7549.

(/usr/local/texlive/2015/texmf-dist/tex/latex/revtex/revsymb4-1.sty
Package: revsymb4-1 2010/07/25/20:33:00 4.1r (http://publish.aps.org/revtex4/ f
or documentation)
LaTeX Info: Redefining \REV@mathfrak on input line 119.
))
(/usr/local/texlive/2015/texmf-dist/tex/latex/graphics/graphicx.sty
Package: graphicx 2014/10/28 v1.0g Enhanced LaTeX Graphics (DPC,SPQR)

(/usr/local/texlive/2015/texmf-dist/tex/latex/graphics/keyval.sty
Package: keyval 2014/10/28 v1.15 key=value parser (DPC)
\KV@toks@=\toks17
)
(/usr/local/texlive/2015/texmf-dist/tex/latex/graphics/graphics.sty
Package: graphics 2014/10/28 v1.0p Standard LaTeX Graphics (DPC,SPQR)

(/usr/local/texlive/2015/texmf-dist/tex/latex/graphics/trig.sty
Package: trig 1999/03/16 v1.09 sin cos tan (DPC)
)
(/usr/local/texlive/2015/texmf-dist/tex/latex/latexconfig/graphics.cfg
File: graphics.cfg 2010/04/23 v1.9 graphics configuration of TeX Live
)
Package graphics Info: Driver file: pdftex.def on input line 94.

(/usr/local/texlive/2015/texmf-dist/tex/latex/pdftex-def/pdftex.def
File: pdftex.def 2011/05/27 v0.06d Graphics/color for pdfTeX

(/usr/local/texlive/2015/texmf-dist/tex/generic/oberdiek/infwarerr.sty
Package: infwarerr 2010/04/08 v1.3 Providing info/warning/error messages (HO)
)
(/usr/local/texlive/2015/texmf-dist/tex/generic/oberdiek/ltxcmds.sty
Package: ltxcmds 2011/11/09 v1.22 LaTeX kernel commands for general use (HO)
)
\Gread@gobject=\count102
))
\Gin@req@height=\dimen107
\Gin@req@width=\dimen108
)
(/usr/local/texlive/2015/texmf-dist/tex/latex/amsmath/amsmath.sty
Package: amsmath 2013/01/14 v2.14 AMS math features
\@mathmargin=\skip45

For additional information on amsmath, use the `?' option.
(/usr/local/texlive/2015/texmf-dist/tex/latex/amsmath/amstext.sty
Package: amstext 2000/06/29 v2.01

(/usr/local/texlive/2015/texmf-dist/tex/latex/amsmath/amsgen.sty
File: amsgen.sty 1999/11/30 v2.0
\@emptytoks=\toks18
\ex@=\dimen109
)
LaTeX Info: Redefining \text on input line 39.
)
(/usr/local/texlive/2015/texmf-dist/tex/latex/amsmath/amsbsy.sty
Package: amsbsy 1999/11/29 v1.2d
\pmbraise@=\dimen110
)
(/usr/local/texlive/2015/texmf-dist/tex/latex/amsmath/amsopn.sty
Package: amsopn 1999/12/14 v2.01 operator names
)
\inf@bad=\count103
LaTeX Info: Redefining \frac on input line 210.
\uproot@=\count104
\leftroot@=\count105
LaTeX Info: Redefining \overline on input line 306.
\classnum@=\count106
\DOTSCASE@=\count107
LaTeX Info: Redefining \ldots on input line 378.
LaTeX Info: Redefining \dots on input line 381.
LaTeX Info: Redefining \cdots on input line 466.
\Mathstrutbox@=\box42
\strutbox@=\box43
\big@size=\dimen111
LaTeX Font Info:    Redeclaring font encoding OML on input line 566.
LaTeX Font Info:    Redeclaring font encoding OMS on input line 567.
\macc@depth=\count108
\c@MaxMatrixCols=\count109
\dotsspace@=\muskip11
\c@parentequation=\count110
\dspbrk@lvl=\count111
\tag@help=\toks19
\row@=\count112
\column@=\count113
\maxfields@=\count114
\andhelp@=\toks20
\eqnshift@=\dimen112
\alignsep@=\dimen113
\tagshift@=\dimen114
\tagwidth@=\dimen115
\totwidth@=\dimen116
\lineht@=\dimen117
\@envbody=\toks21
\multlinegap=\skip46
\multlinetaggap=\skip47
\mathdisplay@stack=\toks22
LaTeX Info: Redefining \[ on input line 2665.
LaTeX Info: Redefining \] on input line 2666.
)
(/usr/local/texlive/2015/texmf-dist/tex/latex/tools/bm.sty
Package: bm 2014/10/28 v1.1c Bold Symbol Support (DPC/FMi)
\symboldoperators=\mathgroup4
\symboldletters=\mathgroup5
\symboldsymbols=\mathgroup6
LaTeX Font Info:    Redeclaring math alphabet \mathbf on input line 141.
LaTeX Info: Redefining \bm on input line 207.
)
(/usr/local/texlive/2015/texmf-dist/tex/latex/carlisle/slashed.sty
Package: slashed 1997/01/16 v0.01 Feynman Slashed Character Notation (DPC)
)
(/usr/local/texlive/2015/texmf-dist/tex/latex/xcolor/xcolor.sty
Package: xcolor 2007/01/21 v2.11 LaTeX color extensions (UK)

(/usr/local/texlive/2015/texmf-dist/tex/latex/latexconfig/color.cfg
File: color.cfg 2007/01/18 v1.5 color configuration of teTeX/TeXLive
)
Package xcolor Info: Driver file: pdftex.def on input line 225.
Package xcolor Info: Model `cmy' substituted by `cmy0' on input line 1337.
Package xcolor Info: Model `hsb' substituted by `rgb' on input line 1341.
Package xcolor Info: Model `RGB' extended on input line 1353.
Package xcolor Info: Model `HTML' substituted by `rgb' on input line 1355.
Package xcolor Info: Model `Hsb' substituted by `hsb' on input line 1356.
Package xcolor Info: Model `tHsb' substituted by `hsb' on input line 1357.
Package xcolor Info: Model `HSB' substituted by `hsb' on input line 1358.
Package xcolor Info: Model `Gray' substituted by `gray' on input line 1359.
Package xcolor Info: Model `wave' substituted by `hsb' on input line 1360.
)
(/usr/local/texlive/2015/texmf-dist/tex/latex/amsfonts/amsfonts.sty
Package: amsfonts 2013/01/14 v3.01 Basic AMSFonts support
\symAMSa=\mathgroup7
\symAMSb=\mathgroup8
LaTeX Font Info:    Overwriting math alphabet `\mathfrak' in version `bold'
(Font)                  U/euf/m/n --> U/euf/b/n on input line 106.
LaTeX Info: Redefining \frak on input line 111.
LaTeX Info: Redefining \Bbb on input line 113.
)
(/usr/local/texlive/2015/texmf-dist/tex/latex/soul/soul.sty
Package: soul 2003/11/17 v2.4 letterspacing/underlining (mf)
\SOUL@word=\toks23
\SOUL@lasttoken=\toks24
\SOUL@cmds=\toks25
\SOUL@buffer=\toks26
\SOUL@token=\toks27
\SOUL@spaceskip=\skip48
\SOUL@ttwidth=\dimen118
\SOUL@uldp=\dimen119
\SOUL@ulht=\dimen120
)
(/usr/local/texlive/2015/texmf-dist/tex/generic/ulem/ulem.sty
\UL@box=\box44
\UL@hyphenbox=\box45
\UL@skip=\skip49
\UL@hook=\toks28
\UL@height=\dimen121
\UL@pe=\count115
\UL@pixel=\dimen122
\ULC@box=\box46
Package: ulem 2012/05/18
\ULdepth=\dimen123
)
Class revtex4-1 Info: Patching LaTeX tabular. on input line 34.
Class revtex4-1 Info: Robustifying \LaTeX's \boldmath command on input line 34.

Class revtex4-1 Info: cite was not loaded (OK!) on input line 34.
Class revtex4-1 Info: mcite was not loaded (OK!) on input line 34.
Class revtex4-1 Info: multicol was not loaded (OK!) on input line 34.
 (./Reviews.aux)
\openout1 = `Reviews.aux'.

LaTeX Font Info:    Checking defaults for OML/cmm/m/it on input line 34.
LaTeX Font Info:    ... okay on input line 34.
LaTeX Font Info:    Checking defaults for T1/cmr/m/n on input line 34.
LaTeX Font Info:    ... okay on input line 34.
LaTeX Font Info:    Checking defaults for OT1/cmr/m/n on input line 34.
LaTeX Font Info:    ... okay on input line 34.
LaTeX Font Info:    Checking defaults for OMS/cmsy/m/n on input line 34.
LaTeX Font Info:    ... okay on input line 34.
LaTeX Font Info:    Checking defaults for OMX/cmex/m/n on input line 34.
LaTeX Font Info:    ... okay on input line 34.
LaTeX Font Info:    Checking defaults for U/cmr/m/n on input line 34.
LaTeX Font Info:    ... okay on input line 34.

(/usr/local/texlive/2015/texmf-dist/tex/context/base/supp-pdf.mkii
[Loading MPS to PDF converter (version 2006.09.02).]
\scratchcounter=\count116
\scratchdimen=\dimen124
\scratchbox=\box47
\nofMPsegments=\count117
\nofMParguments=\count118
\everyMPshowfont=\toks29
\MPscratchCnt=\count119
\MPscratchDim=\dimen125
\MPnumerator=\count120
\makeMPintoPDFobject=\count121
\everyMPtoPDFconversion=\toks30
) (/usr/local/texlive/2015/texmf-dist/tex/generic/oberdiek/pdftexcmds.sty
Package: pdftexcmds 2011/11/29 v0.20 Utility functions of pdfTeX for LuaTeX (HO
)

(/usr/local/texlive/2015/texmf-dist/tex/generic/oberdiek/ifluatex.sty
Package: ifluatex 2010/03/01 v1.3 Provides the ifluatex switch (HO)
Package ifluatex Info: LuaTeX not detected.
)
(/usr/local/texlive/2015/texmf-dist/tex/generic/oberdiek/ifpdf.sty
Package: ifpdf 2011/01/30 v2.3 Provides the ifpdf switch (HO)
Package ifpdf Info: pdfTeX in PDF mode is detected.
)
Package pdftexcmds Info: LuaTeX not detected.
Package pdftexcmds Info: \pdf@primitive is available.
Package pdftexcmds Info: \pdf@ifprimitive is available.
Package pdftexcmds Info: \pdfdraftmode found.
)
(/usr/local/texlive/2015/texmf-dist/tex/latex/oberdiek/epstopdf-base.sty
Package: epstopdf-base 2010/02/09 v2.5 Base part for package epstopdf

(/usr/local/texlive/2015/texmf-dist/tex/latex/oberdiek/grfext.sty
Package: grfext 2010/08/19 v1.1 Manage graphics extensions (HO)

(/usr/local/texlive/2015/texmf-dist/tex/generic/oberdiek/kvdefinekeys.sty
Package: kvdefinekeys 2011/04/07 v1.3 Define keys (HO)
))
(/usr/local/texlive/2015/texmf-dist/tex/latex/oberdiek/kvoptions.sty
Package: kvoptions 2011/06/30 v3.11 Key value format for package options (HO)

(/usr/local/texlive/2015/texmf-dist/tex/generic/oberdiek/kvsetkeys.sty
Package: kvsetkeys 2012/04/25 v1.16 Key value parser (HO)

(/usr/local/texlive/2015/texmf-dist/tex/generic/oberdiek/etexcmds.sty
Package: etexcmds 2011/02/16 v1.5 Avoid name clashes with e-TeX commands (HO)
Package etexcmds Info: Could not find \expanded.
(etexcmds)             That can mean that you are not using pdfTeX 1.50 or
(etexcmds)             that some package has redefined \expanded.
(etexcmds)             In the latter case, load this package earlier.
)))
Package grfext Info: Graphics extension search list:
(grfext)             [.png,.pdf,.jpg,.mps,.jpeg,.jbig2,.jb2,.PNG,.PDF,.JPG,.JPE
G,.JBIG2,.JB2,.eps]
(grfext)             \AppendGraphicsExtensions on input line 452.

(/usr/local/texlive/2015/texmf-dist/tex/latex/latexconfig/epstopdf-sys.cfg
File: epstopdf-sys.cfg 2010/07/13 v1.3 Configuration of (r)epstopdf for TeX Liv
e
))
Class revtex4-1 Info: Overriding lineo.sty, restoring output routine, on input 
line 34.
Class revtex4-1 Info: Line numbering not turned on yet on input line 34.
\openout3 = `ReviewsNotes.bib'.

Class revtex4-1 Info: Overriding \@LN@LLerror on input line 34.


Class revtex4-1 Warning: Assuming \noaffiliation for authors.

Missing character: There is no ≈ in font cmbx10!
Missing character: There is no Ç in font cmbx10!
Missing character: There is no – in font cmbx10!
Missing character: There is no » in font cmbx10!
Missing character: There is no ø in font cmbx10!
Missing character: There is no õ in font cmbx10!
Missing character: There is no ≈ in font cmbx10!
Missing character: There is no ç in font cmbx10!
Missing character: There is no Ü in font cmbx10!
Missing character: There is no ƒ in font cmbx10!
Missing character: There is no ô in font cmbx10!
Missing character: There is no Ä in font cmbx10!
Missing character: There is no « in font cmbx10!
Missing character: There is no õ in font cmbx10!
Missing character: There is no ì in font cmbx10!
Missing character: There is no ∆ in font cmbx10!
Missing character: There is no – in font cmbx10!
Missing character: There is no ú in font cmbx10!
Missing character: There is no ¬ in font cmbx10!
Missing character: There is no Ä in font cmbx10!
Missing character: There is no î in font cmbx10!
Missing character: There is no ¬ in font cmbx10!
Missing character: There is no Ä in font cmbx10!
Missing character: There is no î in font cmbx10!
Missing character: There is no ∆ in font cmbx10!
Missing character: There is no ò in font cmbx10!
Missing character: There is no ò in font cmbx10!
Missing character: There is no ∆ in font cmbx10!
Missing character: There is no à in font cmbx10!
Missing character: There is no è in font cmbx10!
Missing character: There is no ‚ in font cmr12!
Missing character: There is no Ä in font cmr12!
Missing character: There is no ô in font cmr12!

Underfull \hbox (badness 10000) in paragraph at lines 50--53

 []


Underfull \hbox (badness 10000) in paragraph at lines 73--77

 []

[1{/usr/local/texlive/2015/texmf-var/fonts/map/pdftex/updmap/pdftex.map}]
Overfull \hbox (75.46544pt too wide) in paragraph at lines 85--86
[]\OT1/cmr/m/n/12 * Many pa-pers about MOOC, like char-ac-ter-is-tics of MOOC (
https://www.semanticscholar.org/paper/A-
 []


Overfull \hbox (89.58449pt too wide) in paragraph at lines 85--86
\OT1/cmr/m/n/12 Systematic-Analysis-and-Synthesis-of-the-MOOC-in-Veletsianos/84
c936fed5829c1c9252efc1f9a05602a23e3e8f,
 []


Overfull \hbox (81.74709pt too wide) in paragraph at lines 85--86
\OT1/cmr/m/n/12 Student-Dropout-in-Massive-Open-Harju-Lepp%C3%A4nen/cc8bbbc8d62
1523ccf7ef2323458648298126986),
 []


Overfull \hbox (13.89778pt too wide) in paragraph at lines 85--86
\OT1/cmr/m/n/12 in-flu-enc-ing fac-tors (https://www.semanticscholar.org/paper/
Mapping-the-Factors-Influencing-
 []

Missing character: There is no Á in font cmr12!
Missing character: There is no æ in font cmr12!
Missing character: There is no é in font cmr12!
Missing character: There is no Â in font cmr12!
Missing character: There is no õ in font cmr12!
Missing character: There is no Ω in font cmr12!
Missing character: There is no Â in font cmr12!
Missing character: There is no õ in font cmr12!
Missing character: There is no õ in font cmr12!
Missing character: There is no Ê in font cmr12!
Missing character: There is no â in font cmr12!
Missing character: There is no Ä in font cmr12!
Missing character: There is no ‰ in font cmr12!
Missing character: There is no ∏ in font cmr12!
Missing character: There is no ≠ in font cmr12!
Missing character: There is no Ë in font cmr12!
Missing character: There is no • in font cmr12!
Missing character: There is no ø in font cmr12!
Missing character: There is no È in font cmr12!
Missing character: There is no É in font cmr12!
Missing character: There is no ® in font cmr12!
Missing character: There is no Â in font cmr12!
Missing character: There is no § in font cmr12!
Missing character: There is no ß in font cmr12!
Missing character: There is no Â in font cmr12!
Missing character: There is no ≠ in font cmr12!
Missing character: There is no ¶ in font cmr12!
Missing character: There is no Ê in font cmr12!
Missing character: There is no ï in font cmr12!
Missing character: There is no ô in font cmr12!
Missing character: There is no Ê in font cmr12!
Missing character: There is no é in font cmr12!
Missing character: There is no à in font cmr12!
Missing character: There is no Â in font cmr12!
Missing character: There is no ú in font cmr12!
Missing character: There is no ® in font cmr12!
Missing character: There is no Á in font cmr12!
Missing character: There is no ∫ in font cmr12!
Missing character: There is no ø in font cmr12!
Missing character: There is no Ë in font cmr12!
Missing character: There is no Ø in font cmr12!
Missing character: There is no æ in font cmr12!
Missing character: There is no Á in font cmr12!
Missing character: There is no ® in font cmr12!
Missing character: There is no ã in font cmr12!
Missing character: There is no Á in font cmr12!
Missing character: There is no ö in font cmr12!
Missing character: There is no Ñ in font cmr12!
Missing character: There is no Â in font cmr12!
Missing character: There is no ê in font cmr12!
Missing character: There is no ç in font cmr12!
Missing character: There is no Ê in font cmr12!
Missing character: There is no ï in font cmr12!
Missing character: There is no ô in font cmr12!
Missing character: There is no Â in font cmr12!
Missing character: There is no ∏ in font cmr12!
Missing character: There is no à in font cmr12!
Missing character: There is no Ê in font cmr12!
Missing character: There is no î in font cmr12!
Missing character: There is no ∂ in font cmr12!
Missing character: There is no È in font cmr12!
Missing character: There is no õ in font cmr12!
Missing character: There is no Ü in font cmr12!
Missing character: There is no Á in font cmr12!
Missing character: There is no ö in font cmr12!
Missing character: There is no Ñ in font cmr12!
Missing character: There is no Ê in font cmr12!
Missing character: There is no ï in font cmr12!
Missing character: There is no ∞ in font cmr12!
Missing character: There is no Ê in font cmr12!
Missing character: There is no ç in font cmr12!
Missing character: There is no Æ in font cmr12!
Missing character: There is no „ in font cmr12!
Missing character: There is no Ä in font cmr12!
Missing character: There is no Ç in font cmr12!
Missing character: There is no Â in font cmr12!
Missing character: There is no ú in font cmr12!
Missing character: There is no ® in font cmr12!
Missing character: There is no Á in font cmr12!
Missing character: There is no ∫ in font cmr12!
Missing character: There is no ø in font cmr12!
Missing character: There is no Ê in font cmr12!
Missing character: There is no ï in font cmr12!
Missing character: There is no ô in font cmr12!
Missing character: There is no Â in font cmr12!
Missing character: There is no ∏ in font cmr12!
Missing character: There is no à in font cmr12!
Missing character: There is no È in font cmr12!
Missing character: There is no ù in font cmr12!
Missing character: There is no ¢ in font cmr12!
Missing character: There is no ‰ in font cmr12!
Missing character: There is no ∏ in font cmr12!
Missing character: There is no ¥ in font cmr12!
Missing character: There is no Á in font cmr12!
Missing character: There is no ö in font cmr12!
Missing character: There is no Ñ in font cmr12!
Missing character: There is no ‰ in font cmr12!
Missing character: There is no ∏ in font cmr12!
Missing character: There is no ª in font cmr12!
Missing character: There is no Ë in font cmr12!
Missing character: There is no ¶ in font cmr12!
Missing character: There is no Å in font cmr12!
Missing character: There is no Ê in font cmr12!
Missing character: There is no å in font cmr12!
Missing character: There is no ë in font cmr12!
Missing character: There is no Ê in font cmr12!
Missing character: There is no à in font cmr12!
Missing character: There is no ò in font cmr12!
Missing character: There is no Ê in font cmr12!
Missing character: There is no ò in font cmr12!
Missing character: There is no Ø in font cmr12!
Missing character: There is no Ô in font cmr12!
Missing character: There is no º in font cmr12!
Missing character: There is no ö in font cmr12!
Missing character: There is no Â in font cmr12!
Missing character: There is no § in font cmr12!
Missing character: There is no ß in font cmr12!
Missing character: There is no Á in font cmr12!
Missing character: There is no è in font cmr12!
Missing character: There is no ≠ in font cmr12!
Missing character: There is no Ê in font cmr12!
Missing character: There is no ï in font cmr12!
Missing character: There is no ô in font cmr12!
Missing character: There is no Â in font cmr12!
Missing character: There is no ≠ in font cmr12!
Missing character: There is no ¶ in font cmr12!
Missing character: There is no Ô in font cmr12!
Missing character: There is no º in font cmr12!
Missing character: There is no å in font cmr12!
Missing character: There is no Â in font cmr12!
Missing character: There is no ≠ in font cmr12!
Missing character: There is no ¶ in font cmr12!
Missing character: There is no Ê in font cmr12!
Missing character: There is no ú in font cmr12!
Missing character: There is no Ø in font cmr12!
Missing character: There is no ‰ in font cmr12!
Missing character: There is no ∏ in font cmr12!
Missing character: There is no ç in font cmr12!
Missing character: There is no Ë in font cmr12!
Missing character: There is no Ø in font cmr12!
Missing character: There is no ö in font cmr12!
Missing character: There is no Â in font cmr12!
Missing character: There is no Æ in font cmr12!
Missing character: There is no û in font cmr12!
Missing character: There is no Ô in font cmr12!
Missing character: There is no º in font cmr12!
Missing character: There is no å in font cmr12!
Missing character: There is no ‰ in font cmr12!
Missing character: There is no ∏ in font cmr12!
Missing character: There is no é in font cmr12!
Missing character: There is no Â in font cmr12!
Missing character: There is no ≠ in font cmr12!
Missing character: There is no ¶ in font cmr12!
Missing character: There is no Á in font cmr12!
Missing character: There is no î in font cmr12!
Missing character: There is no ü in font cmr12!
Missing character: There is no Á in font cmr12!
Missing character: There is no º in font cmr12!
Missing character: There is no ∫ in font cmr12!
Missing character: There is no ‰ in font cmr12!
Missing character: There is no π in font cmr12!
Missing character: There is no è in font cmr12!
Missing character: There is no Ë in font cmr12!
Missing character: There is no Å in font cmr12!
Missing character: There is no î in font cmr12!
Missing character: There is no Á in font cmr12!
Missing character: There is no ≥ in font cmr12!
Missing character: There is no ª in font cmr12!
Missing character: There is no Ô in font cmr12!
Missing character: There is no º in font cmr12!
Missing character: There is no å in font cmr12!
Missing character: There is no Á in font cmr12!
Missing character: There is no î in font cmr12!
Missing character: There is no µ in font cmr12!
Missing character: There is no Â in font cmr12!
Missing character: There is no ≠ in font cmr12!
Missing character: There is no ê in font cmr12!
Missing character: There is no È in font cmr12!
Missing character: There is no Ç in font cmr12!
Missing character: There is no Æ in font cmr12!
Missing character: There is no ‰ in font cmr12!
Missing character: There is no ª in font cmr12!
Missing character: There is no ∂ in font cmr12!
Missing character: There is no Â in font cmr12!
Missing character: There is no § in font cmr12!
Missing character: There is no ™ in font cmr12!
Missing character: There is no Â in font cmr12!
Missing character: There is no § in font cmr12!
Missing character: There is no ö in font cmr12!
Missing character: There is no Ô in font cmr12!
Missing character: There is no º in font cmr12!
Missing character: There is no å in font cmr12!
Missing character: There is no Á in font cmr12!
Missing character: There is no º in font cmr12!
Missing character: There is no ∫ in font cmr12!
Missing character: There is no ‰ in font cmr12!
Missing character: There is no π in font cmr12!
Missing character: There is no è in font cmr12!
Missing character: There is no Â in font cmr12!
Missing character: There is no ≠ in font cmr12!
Missing character: There is no ¶ in font cmr12!
Missing character: There is no Á in font cmr12!
Missing character: There is no î in font cmr12!
Missing character: There is no ü in font cmr12!
Missing character: There is no Ë in font cmr12!
Missing character: There is no á in font cmr12!
Missing character: There is no ™ in font cmr12!
Missing character: There is no Â in font cmr12!
Missing character: There is no æ in font cmr12!
Missing character: There is no ã in font cmr12!
Missing character: There is no „ in font cmr12!
Missing character: There is no Ä in font cmr12!
Missing character: There is no Ç in font cmr12!
Missing character: There is no Ë in font cmr12!
Missing character: There is no Ø in font cmr12!
Missing character: There is no • in font cmr12!
Missing character: There is no Á in font cmr12!
Missing character: There is no † in font cmr12!
Missing character: There is no î in font cmr12!
Missing character: There is no Á in font cmr12!
Missing character: There is no © in font cmr12!
Missing character: There is no ∂ in font cmr12!
Missing character: There is no ‰ in font cmr12!
Missing character: There is no ∏ in font cmr12!
Missing character: There is no ∫ in font cmr12!
Missing character: There is no Â in font cmr12!
Missing character: There is no ú in font cmr12!
Missing character: There is no ® in font cmr12!
Missing character: There is no Á in font cmr12!
Missing character: There is no ∫ in font cmr12!
Missing character: There is no ø in font cmr12!
Missing character: There is no Ê in font cmr12!
Missing character: There is no ï in font cmr12!
Missing character: There is no ô in font cmr12!
Missing character: There is no Â in font cmr12!
Missing character: There is no ∏ in font cmr12!
Missing character: There is no à in font cmr12!
Missing character: There is no Ê in font cmr12!
Missing character: There is no è in font cmr12!
Missing character: There is no ê in font cmr12!
Missing character: There is no ‰ in font cmr12!
Missing character: There is no æ in font cmr12!
Missing character: There is no õ in font cmr12!
Missing character: There is no Â in font cmr12!
Missing character: There is no è in font cmr12!
Missing character: There is no Ø in font cmr12!
Missing character: There is no Ë in font cmr12!
Missing character: There is no ° in font cmr12!
Missing character: There is no å in font cmr12!
Missing character: There is no Á in font cmr12!
Missing character: There is no ö in font cmr12!
Missing character: There is no Ñ in font cmr12!
Missing character: There is no ‰ in font cmr12!
Missing character: There is no ∏ in font cmr12!
Missing character: There is no ì in font cmr12!
Missing character: There is no ‰ in font cmr12!
Missing character: There is no ∏ in font cmr12!
Missing character: There is no ö in font cmr12!
Missing character: There is no Â in font cmr12!
Missing character: There is no è in font cmr12!
Missing character: There is no ë in font cmr12!
Missing character: There is no Â in font cmr12!
Missing character: There is no ± in font cmr12!
Missing character: There is no ï in font cmr12!
Missing character: There is no Ô in font cmr12!
Missing character: There is no º in font cmr12!
Missing character: There is no å in font cmr12!
Missing character: There is no ‰ in font cmr12!
Missing character: There is no Ω in font cmr12!
Missing character: There is no ú in font cmr12!
Missing character: There is no ‰ in font cmr12!
Missing character: There is no ∏ in font cmr12!
Missing character: There is no ∫ in font cmr12!
Missing character: There is no Â in font cmr12!
Missing character: There is no ú in font cmr12!
Missing character: There is no ® in font cmr12!
Missing character: There is no Á in font cmr12!
Missing character: There is no ∫ in font cmr12!
Missing character: There is no ø in font cmr12!
Missing character: There is no Ë in font cmr12!
Missing character: There is no Ø in font cmr12!
Missing character: There is no æ in font cmr12!
Missing character: There is no Á in font cmr12!
Missing character: There is no ® in font cmr12!
Missing character: There is no ã in font cmr12!
Missing character: There is no Ê in font cmr12!
Missing character: There is no ï in font cmr12!
Missing character: There is no ô in font cmr12!
Missing character: There is no Â in font cmr12!
Missing character: There is no ≠ in font cmr12!
Missing character: There is no ¶ in font cmr12!
Missing character: There is no Á in font cmr12!
Missing character: There is no ö in font cmr12!
Missing character: There is no Ñ in font cmr12!
Missing character: There is no Â in font cmr12!
Missing character: There is no Ö in font cmr12!
Missing character: There is no à in font cmr12!
Missing character: There is no Â in font cmr12!
Missing character: There is no Ü in font cmr12!
Missing character: There is no ≥ in font cmr12!
Missing character: There is no Ê in font cmr12!
Missing character: There is no ù in font cmr12!
Missing character: There is no ° in font cmr12!
Missing character: There is no ‰ in font cmr12!
Missing character: There is no ª in font cmr12!
Missing character: There is no ∂ in font cmr12!
Missing character: There is no „ in font cmr12!
Missing character: There is no Ä in font cmr12!
Missing character: There is no Ç in font cmr12!

Underfull \hbox (badness 10000) in paragraph at lines 101--106

 []

No file Reviews.bbl.

Package natbib Warning: Empty `thebibliography' environment on input line 117.

[2] (./Reviews.aux) ) 
Here is how much of TeX's memory you used:
 5055 strings out of 493089
 66396 string characters out of 6134842
 147136 words of memory out of 5000000
 8487 multiletter control sequences out of 15000+600000
 5916 words of font info for 22 fonts, out of 8000000 for 9000
 1141 hyphenation exceptions out of 8191
 38i,6n,35p,584b,138s stack positions out of 5000i,500n,10000p,200000b,80000s
</usr/local/texlive/2015/texmf-dist/fonts/type1/public/ams
fonts/cm/cmbx10.pfb></usr/local/texlive/2015/texmf-dist/fonts/type1/public/amsf
onts/cm/cmbx12.pfb></usr/local/texlive/2015/texmf-dist/fonts/type1/public/amsfo
nts/cm/cmr10.pfb></usr/local/texlive/2015/texmf-dist/fonts/type1/public/amsfont
s/cm/cmr12.pfb>
Output written on Reviews.pdf (2 pages, 58507 bytes).
PDF statistics:
 27 PDF objects out of 1000 (max. 8388607)
 18 compressed objects within 1 object stream
 0 named destinations out of 1000 (max. 500000)
 1 words of extra memory for PDF output out of 10000 (max. 10000000)

